<?xml version="1.0" encoding="UTF-8"?>
<testsuite xmlns:xsi="http://www.w3.org/2001/XMLSchema-instance" xsi:noNamespaceSchemaLocation="https://maven.apache.org/surefire/maven-surefire-plugin/xsd/surefire-test-report.xsd" name="com.yy.mapper.ItemMapperTest" time="8.887" tests="1" errors="0" skipped="0" failures="0">
  <properties>
    <property name="sun.desktop" value="windows"/>
    <property name="awt.toolkit" value="sun.awt.windows.WToolkit"/>
    <property name="file.encoding.pkg" value="sun.io"/>
    <property name="java.specification.version" value="1.8"/>
    <property name="sun.cpu.isalist" value="amd64"/>
    <property name="sun.jnu.encoding" value="GBK"/>
    <property name="java.class.path" value="E:\morning\sp\yy\yy-manage\target\test-classes;E:\morning\sp\yy\yy-manage\target\classes;E:\morning\sp\yy\yy-common\target\yy-common-0.0.1-SNAPSHOT.jar;E:\morning\sp-tools\repository\org\springframework\boot\spring-boot-starter-web\2.2.1.RELEASE\spring-boot-starter-web-2.2.1.RELEASE.jar;E:\morning\sp-tools\repository\org\springframework\boot\spring-boot-starter\2.2.1.RELEASE\spring-boot-starter-2.2.1.RELEASE.jar;E:\morning\sp-tools\repository\org\springframework\boot\spring-boot-starter-logging\2.2.1.RELEASE\spring-boot-starter-logging-2.2.1.RELEASE.jar;E:\morning\sp-tools\repository\ch\qos\logback\logback-classic\1.2.3\logback-classic-1.2.3.jar;E:\morning\sp-tools\repository\ch\qos\logback\logback-core\1.2.3\logback-core-1.2.3.jar;E:\morning\sp-tools\repository\org\apache\logging\log4j\log4j-to-slf4j\2.12.1\log4j-to-slf4j-2.12.1.jar;E:\morning\sp-tools\repository\org\apache\logging\log4j\log4j-api\2.12.1\log4j-api-2.12.1.jar;E:\morning\sp-tools\repository\org\slf4j\jul-to-slf4j\1.7.29\jul-to-slf4j-1.7.29.jar;E:\morning\sp-tools\repository\jakarta\annotation\jakarta.annotation-api\1.3.5\jakarta.annotation-api-1.3.5.jar;E:\morning\sp-tools\repository\org\yaml\snakeyaml\1.25\snakeyaml-1.25.jar;E:\morning\sp-tools\repository\org\springframework\boot\spring-boot-starter-json\2.2.1.RELEASE\spring-boot-starter-json-2.2.1.RELEASE.jar;E:\morning\sp-tools\repository\com\fasterxml\jackson\core\jackson-databind\2.10.0\jackson-databind-2.10.0.jar;E:\morning\sp-tools\repository\com\fasterxml\jackson\core\jackson-annotations\2.10.0\jackson-annotations-2.10.0.jar;E:\morning\sp-tools\repository\com\fasterxml\jackson\core\jackson-core\2.10.0\jackson-core-2.10.0.jar;E:\morning\sp-tools\repository\com\fasterxml\jackson\datatype\jackson-datatype-jdk8\2.10.0\jackson-datatype-jdk8-2.10.0.jar;E:\morning\sp-tools\repository\com\fasterxml\jackson\datatype\jackson-datatype-jsr310\2.10.0\jackson-datatype-jsr310-2.10.0.jar;E:\morning\sp-tools\repository\com\fasterxml\jackson\module\jackson-module-parameter-names\2.10.0\jackson-module-parameter-names-2.10.0.jar;E:\morning\sp-tools\repository\org\springframework\boot\spring-boot-starter-tomcat\2.2.1.RELEASE\spring-boot-starter-tomcat-2.2.1.RELEASE.jar;E:\morning\sp-tools\repository\org\apache\tomcat\embed\tomcat-embed-websocket\9.0.27\tomcat-embed-websocket-9.0.27.jar;E:\morning\sp-tools\repository\org\springframework\boot\spring-boot-starter-validation\2.2.1.RELEASE\spring-boot-starter-validation-2.2.1.RELEASE.jar;E:\morning\sp-tools\repository\jakarta\validation\jakarta.validation-api\2.0.1\jakarta.validation-api-2.0.1.jar;E:\morning\sp-tools\repository\org\hibernate\validator\hibernate-validator\6.0.18.Final\hibernate-validator-6.0.18.Final.jar;E:\morning\sp-tools\repository\org\jboss\logging\jboss-logging\3.4.1.Final\jboss-logging-3.4.1.Final.jar;E:\morning\sp-tools\repository\com\fasterxml\classmate\1.5.1\classmate-1.5.1.jar;E:\morning\sp-tools\repository\org\springframework\spring-web\5.2.1.RELEASE\spring-web-5.2.1.RELEASE.jar;E:\morning\sp-tools\repository\org\springframework\spring-beans\5.2.1.RELEASE\spring-beans-5.2.1.RELEASE.jar;E:\morning\sp-tools\repository\org\springframework\spring-webmvc\5.2.1.RELEASE\spring-webmvc-5.2.1.RELEASE.jar;E:\morning\sp-tools\repository\org\springframework\spring-aop\5.2.1.RELEASE\spring-aop-5.2.1.RELEASE.jar;E:\morning\sp-tools\repository\org\springframework\spring-context\5.2.1.RELEASE\spring-context-5.2.1.RELEASE.jar;E:\morning\sp-tools\repository\org\springframework\spring-expression\5.2.1.RELEASE\spring-expression-5.2.1.RELEASE.jar;E:\morning\sp-tools\repository\org\springframework\boot\spring-boot-starter-test\2.2.1.RELEASE\spring-boot-starter-test-2.2.1.RELEASE.jar;E:\morning\sp-tools\repository\org\springframework\boot\spring-boot-test\2.2.1.RELEASE\spring-boot-test-2.2.1.RELEASE.jar;E:\morning\sp-tools\repository\org\springframework\boot\spring-boot-test-autoconfigure\2.2.1.RELEASE\spring-boot-test-autoconfigure-2.2.1.RELEASE.jar;E:\morning\sp-tools\repository\com\jayway\jsonpath\json-path\2.4.0\json-path-2.4.0.jar;E:\morning\sp-tools\repository\net\minidev\json-smart\2.3\json-smart-2.3.jar;E:\morning\sp-tools\repository\net\minidev\accessors-smart\1.2\accessors-smart-1.2.jar;E:\morning\sp-tools\repository\org\ow2\asm\asm\5.0.4\asm-5.0.4.jar;E:\morning\sp-tools\repository\org\slf4j\slf4j-api\1.7.29\slf4j-api-1.7.29.jar;E:\morning\sp-tools\repository\jakarta\xml\bind\jakarta.xml.bind-api\2.3.2\jakarta.xml.bind-api-2.3.2.jar;E:\morning\sp-tools\repository\jakarta\activation\jakarta.activation-api\1.2.1\jakarta.activation-api-1.2.1.jar;E:\morning\sp-tools\repository\org\junit\jupiter\junit-jupiter\5.5.2\junit-jupiter-5.5.2.jar;E:\morning\sp-tools\repository\org\junit\jupiter\junit-jupiter-api\5.5.2\junit-jupiter-api-5.5.2.jar;E:\morning\sp-tools\repository\org\opentest4j\opentest4j\1.2.0\opentest4j-1.2.0.jar;E:\morning\sp-tools\repository\org\junit\platform\junit-platform-commons\1.5.2\junit-platform-commons-1.5.2.jar;E:\morning\sp-tools\repository\org\junit\jupiter\junit-jupiter-params\5.5.2\junit-jupiter-params-5.5.2.jar;E:\morning\sp-tools\repository\org\junit\jupiter\junit-jupiter-engine\5.5.2\junit-jupiter-engine-5.5.2.jar;E:\morning\sp-tools\repository\org\junit\vintage\junit-vintage-engine\5.5.2\junit-vintage-engine-5.5.2.jar;E:\morning\sp-tools\repository\org\apiguardian\apiguardian-api\1.1.0\apiguardian-api-1.1.0.jar;E:\morning\sp-tools\repository\org\junit\platform\junit-platform-engine\1.5.2\junit-platform-engine-1.5.2.jar;E:\morning\sp-tools\repository\junit\junit\4.12\junit-4.12.jar;E:\morning\sp-tools\repository\org\mockito\mockito-junit-jupiter\3.1.0\mockito-junit-jupiter-3.1.0.jar;E:\morning\sp-tools\repository\org\assertj\assertj-core\3.13.2\assertj-core-3.13.2.jar;E:\morning\sp-tools\repository\org\hamcrest\hamcrest\2.1\hamcrest-2.1.jar;E:\morning\sp-tools\repository\org\mockito\mockito-core\3.1.0\mockito-core-3.1.0.jar;E:\morning\sp-tools\repository\net\bytebuddy\byte-buddy\1.10.2\byte-buddy-1.10.2.jar;E:\morning\sp-tools\repository\net\bytebuddy\byte-buddy-agent\1.10.2\byte-buddy-agent-1.10.2.jar;E:\morning\sp-tools\repository\org\objenesis\objenesis\2.6\objenesis-2.6.jar;E:\morning\sp-tools\repository\org\skyscreamer\jsonassert\1.5.0\jsonassert-1.5.0.jar;E:\morning\sp-tools\repository\com\vaadin\external\google\android-json\0.0.20131108.vaadin1\android-json-0.0.20131108.vaadin1.jar;E:\morning\sp-tools\repository\org\springframework\spring-core\5.2.1.RELEASE\spring-core-5.2.1.RELEASE.jar;E:\morning\sp-tools\repository\org\springframework\spring-jcl\5.2.1.RELEASE\spring-jcl-5.2.1.RELEASE.jar;E:\morning\sp-tools\repository\org\springframework\spring-test\5.2.1.RELEASE\spring-test-5.2.1.RELEASE.jar;E:\morning\sp-tools\repository\org\xmlunit\xmlunit-core\2.6.3\xmlunit-core-2.6.3.jar;E:\morning\sp-tools\repository\org\springframework\boot\spring-boot-devtools\2.2.1.RELEASE\spring-boot-devtools-2.2.1.RELEASE.jar;E:\morning\sp-tools\repository\org\springframework\boot\spring-boot\2.2.1.RELEASE\spring-boot-2.2.1.RELEASE.jar;E:\morning\sp-tools\repository\org\springframework\boot\spring-boot-autoconfigure\2.2.1.RELEASE\spring-boot-autoconfigure-2.2.1.RELEASE.jar;E:\morning\sp-tools\repository\org\projectlombok\lombok\1.18.10\lombok-1.18.10.jar;E:\morning\sp-tools\repository\com\alibaba\druid\1.0.20\druid-1.0.20.jar;D:\tool\java\java_jdk\jre\..\lib\jconsole.jar;D:\tool\java\java_jdk\jre\..\lib\tools.jar;E:\morning\sp-tools\repository\mysql\mysql-connector-java\5.1.32\mysql-connector-java-5.1.32.jar;E:\morning\sp-tools\repository\org\springframework\boot\spring-boot-starter-jdbc\2.2.1.RELEASE\spring-boot-starter-jdbc-2.2.1.RELEASE.jar;E:\morning\sp-tools\repository\com\zaxxer\HikariCP\3.4.1\HikariCP-3.4.1.jar;E:\morning\sp-tools\repository\org\springframework\spring-jdbc\5.2.1.RELEASE\spring-jdbc-5.2.1.RELEASE.jar;E:\morning\sp-tools\repository\org\springframework\spring-tx\5.2.1.RELEASE\spring-tx-5.2.1.RELEASE.jar;E:\morning\sp-tools\repository\com\baomidou\mybatis-plus-boot-starter\3.2.0\mybatis-plus-boot-starter-3.2.0.jar;E:\morning\sp-tools\repository\com\baomidou\mybatis-plus\3.2.0\mybatis-plus-3.2.0.jar;E:\morning\sp-tools\repository\com\baomidou\mybatis-plus-extension\3.2.0\mybatis-plus-extension-3.2.0.jar;E:\morning\sp-tools\repository\com\baomidou\mybatis-plus-core\3.2.0\mybatis-plus-core-3.2.0.jar;E:\morning\sp-tools\repository\com\baomidou\mybatis-plus-annotation\3.2.0\mybatis-plus-annotation-3.2.0.jar;E:\morning\sp-tools\repository\com\github\jsqlparser\jsqlparser\2.1\jsqlparser-2.1.jar;E:\morning\sp-tools\repository\org\mybatis\mybatis\3.5.2\mybatis-3.5.2.jar;E:\morning\sp-tools\repository\org\mybatis\mybatis-spring\2.0.2\mybatis-spring-2.0.2.jar;E:\morning\sp-tools\repository\javax\servlet\javax.servlet-api\4.0.1\javax.servlet-api-4.0.1.jar;E:\morning\sp-tools\repository\javax\servlet\jstl\1.2\jstl-1.2.jar;E:\morning\sp-tools\repository\org\apache\tomcat\embed\tomcat-embed-jasper\9.0.27\tomcat-embed-jasper-9.0.27.jar;E:\morning\sp-tools\repository\org\apache\tomcat\embed\tomcat-embed-core\9.0.27\tomcat-embed-core-9.0.27.jar;E:\morning\sp-tools\repository\org\apache\tomcat\tomcat-annotations-api\9.0.27\tomcat-annotations-api-9.0.27.jar;E:\morning\sp-tools\repository\org\apache\tomcat\embed\tomcat-embed-el\9.0.27\tomcat-embed-el-9.0.27.jar;E:\morning\sp-tools\repository\org\eclipse\jdt\ecj\3.18.0\ecj-3.18.0.jar;"/>
    <property name="java.vm.vendor" value="Oracle Corporation"/>
    <property name="sun.arch.data.model" value="64"/>
    <property name="user.variant" value=""/>
    <property name="java.vendor.url" value="http://java.oracle.com/"/>
    <property name="user.timezone" value="Asia/Shanghai"/>
    <property name="java.vm.specification.version" value="1.8"/>
    <property name="os.name" value="Windows 10"/>
    <property name="user.country" value="CN"/>
    <property name="sun.java.launcher" value="SUN_STANDARD"/>
    <property name="sun.boot.library.path" value="D:\tool\java\java_jdk\jre\bin"/>
    <property name="sun.java.command" value="C:\Users\Administrator\AppData\Local\Temp\surefire3219715172437133325\surefirebooter5051782435012235296.jar C:\Users\Administrator\AppData\Local\Temp\surefire3219715172437133325 2020-11-22T21-33-18_783-jvmRun1 surefire4730241566727563472tmp surefire_06595079975661710330tmp"/>
    <property name="surefire.test.class.path" value="E:\morning\sp\yy\yy-manage\target\test-classes;E:\morning\sp\yy\yy-manage\target\classes;E:\morning\sp\yy\yy-common\target\yy-common-0.0.1-SNAPSHOT.jar;E:\morning\sp-tools\repository\org\springframework\boot\spring-boot-starter-web\2.2.1.RELEASE\spring-boot-starter-web-2.2.1.RELEASE.jar;E:\morning\sp-tools\repository\org\springframework\boot\spring-boot-starter\2.2.1.RELEASE\spring-boot-starter-2.2.1.RELEASE.jar;E:\morning\sp-tools\repository\org\springframework\boot\spring-boot-starter-logging\2.2.1.RELEASE\spring-boot-starter-logging-2.2.1.RELEASE.jar;E:\morning\sp-tools\repository\ch\qos\logback\logback-classic\1.2.3\logback-classic-1.2.3.jar;E:\morning\sp-tools\repository\ch\qos\logback\logback-core\1.2.3\logback-core-1.2.3.jar;E:\morning\sp-tools\repository\org\apache\logging\log4j\log4j-to-slf4j\2.12.1\log4j-to-slf4j-2.12.1.jar;E:\morning\sp-tools\repository\org\apache\logging\log4j\log4j-api\2.12.1\log4j-api-2.12.1.jar;E:\morning\sp-tools\repository\org\slf4j\jul-to-slf4j\1.7.29\jul-to-slf4j-1.7.29.jar;E:\morning\sp-tools\repository\jakarta\annotation\jakarta.annotation-api\1.3.5\jakarta.annotation-api-1.3.5.jar;E:\morning\sp-tools\repository\org\yaml\snakeyaml\1.25\snakeyaml-1.25.jar;E:\morning\sp-tools\repository\org\springframework\boot\spring-boot-starter-json\2.2.1.RELEASE\spring-boot-starter-json-2.2.1.RELEASE.jar;E:\morning\sp-tools\repository\com\fasterxml\jackson\core\jackson-databind\2.10.0\jackson-databind-2.10.0.jar;E:\morning\sp-tools\repository\com\fasterxml\jackson\core\jackson-annotations\2.10.0\jackson-annotations-2.10.0.jar;E:\morning\sp-tools\repository\com\fasterxml\jackson\core\jackson-core\2.10.0\jackson-core-2.10.0.jar;E:\morning\sp-tools\repository\com\fasterxml\jackson\datatype\jackson-datatype-jdk8\2.10.0\jackson-datatype-jdk8-2.10.0.jar;E:\morning\sp-tools\repository\com\fasterxml\jackson\datatype\jackson-datatype-jsr310\2.10.0\jackson-datatype-jsr310-2.10.0.jar;E:\morning\sp-tools\repository\com\fasterxml\jackson\module\jackson-module-parameter-names\2.10.0\jackson-module-parameter-names-2.10.0.jar;E:\morning\sp-tools\repository\org\springframework\boot\spring-boot-starter-tomcat\2.2.1.RELEASE\spring-boot-starter-tomcat-2.2.1.RELEASE.jar;E:\morning\sp-tools\repository\org\apache\tomcat\embed\tomcat-embed-websocket\9.0.27\tomcat-embed-websocket-9.0.27.jar;E:\morning\sp-tools\repository\org\springframework\boot\spring-boot-starter-validation\2.2.1.RELEASE\spring-boot-starter-validation-2.2.1.RELEASE.jar;E:\morning\sp-tools\repository\jakarta\validation\jakarta.validation-api\2.0.1\jakarta.validation-api-2.0.1.jar;E:\morning\sp-tools\repository\org\hibernate\validator\hibernate-validator\6.0.18.Final\hibernate-validator-6.0.18.Final.jar;E:\morning\sp-tools\repository\org\jboss\logging\jboss-logging\3.4.1.Final\jboss-logging-3.4.1.Final.jar;E:\morning\sp-tools\repository\com\fasterxml\classmate\1.5.1\classmate-1.5.1.jar;E:\morning\sp-tools\repository\org\springframework\spring-web\5.2.1.RELEASE\spring-web-5.2.1.RELEASE.jar;E:\morning\sp-tools\repository\org\springframework\spring-beans\5.2.1.RELEASE\spring-beans-5.2.1.RELEASE.jar;E:\morning\sp-tools\repository\org\springframework\spring-webmvc\5.2.1.RELEASE\spring-webmvc-5.2.1.RELEASE.jar;E:\morning\sp-tools\repository\org\springframework\spring-aop\5.2.1.RELEASE\spring-aop-5.2.1.RELEASE.jar;E:\morning\sp-tools\repository\org\springframework\spring-context\5.2.1.RELEASE\spring-context-5.2.1.RELEASE.jar;E:\morning\sp-tools\repository\org\springframework\spring-expression\5.2.1.RELEASE\spring-expression-5.2.1.RELEASE.jar;E:\morning\sp-tools\repository\org\springframework\boot\spring-boot-starter-test\2.2.1.RELEASE\spring-boot-starter-test-2.2.1.RELEASE.jar;E:\morning\sp-tools\repository\org\springframework\boot\spring-boot-test\2.2.1.RELEASE\spring-boot-test-2.2.1.RELEASE.jar;E:\morning\sp-tools\repository\org\springframework\boot\spring-boot-test-autoconfigure\2.2.1.RELEASE\spring-boot-test-autoconfigure-2.2.1.RELEASE.jar;E:\morning\sp-tools\repository\com\jayway\jsonpath\json-path\2.4.0\json-path-2.4.0.jar;E:\morning\sp-tools\repository\net\minidev\json-smart\2.3\json-smart-2.3.jar;E:\morning\sp-tools\repository\net\minidev\accessors-smart\1.2\accessors-smart-1.2.jar;E:\morning\sp-tools\repository\org\ow2\asm\asm\5.0.4\asm-5.0.4.jar;E:\morning\sp-tools\repository\org\slf4j\slf4j-api\1.7.29\slf4j-api-1.7.29.jar;E:\morning\sp-tools\repository\jakarta\xml\bind\jakarta.xml.bind-api\2.3.2\jakarta.xml.bind-api-2.3.2.jar;E:\morning\sp-tools\repository\jakarta\activation\jakarta.activation-api\1.2.1\jakarta.activation-api-1.2.1.jar;E:\morning\sp-tools\repository\org\junit\jupiter\junit-jupiter\5.5.2\junit-jupiter-5.5.2.jar;E:\morning\sp-tools\repository\org\junit\jupiter\junit-jupiter-api\5.5.2\junit-jupiter-api-5.5.2.jar;E:\morning\sp-tools\repository\org\opentest4j\opentest4j\1.2.0\opentest4j-1.2.0.jar;E:\morning\sp-tools\repository\org\junit\platform\junit-platform-commons\1.5.2\junit-platform-commons-1.5.2.jar;E:\morning\sp-tools\repository\org\junit\jupiter\junit-jupiter-params\5.5.2\junit-jupiter-params-5.5.2.jar;E:\morning\sp-tools\repository\org\junit\jupiter\junit-jupiter-engine\5.5.2\junit-jupiter-engine-5.5.2.jar;E:\morning\sp-tools\repository\org\junit\vintage\junit-vintage-engine\5.5.2\junit-vintage-engine-5.5.2.jar;E:\morning\sp-tools\repository\org\apiguardian\apiguardian-api\1.1.0\apiguardian-api-1.1.0.jar;E:\morning\sp-tools\repository\org\junit\platform\junit-platform-engine\1.5.2\junit-platform-engine-1.5.2.jar;E:\morning\sp-tools\repository\junit\junit\4.12\junit-4.12.jar;E:\morning\sp-tools\repository\org\mockito\mockito-junit-jupiter\3.1.0\mockito-junit-jupiter-3.1.0.jar;E:\morning\sp-tools\repository\org\assertj\assertj-core\3.13.2\assertj-core-3.13.2.jar;E:\morning\sp-tools\repository\org\hamcrest\hamcrest\2.1\hamcrest-2.1.jar;E:\morning\sp-tools\repository\org\mockito\mockito-core\3.1.0\mockito-core-3.1.0.jar;E:\morning\sp-tools\repository\net\bytebuddy\byte-buddy\1.10.2\byte-buddy-1.10.2.jar;E:\morning\sp-tools\repository\net\bytebuddy\byte-buddy-agent\1.10.2\byte-buddy-agent-1.10.2.jar;E:\morning\sp-tools\repository\org\objenesis\objenesis\2.6\objenesis-2.6.jar;E:\morning\sp-tools\repository\org\skyscreamer\jsonassert\1.5.0\jsonassert-1.5.0.jar;E:\morning\sp-tools\repository\com\vaadin\external\google\android-json\0.0.20131108.vaadin1\android-json-0.0.20131108.vaadin1.jar;E:\morning\sp-tools\repository\org\springframework\spring-core\5.2.1.RELEASE\spring-core-5.2.1.RELEASE.jar;E:\morning\sp-tools\repository\org\springframework\spring-jcl\5.2.1.RELEASE\spring-jcl-5.2.1.RELEASE.jar;E:\morning\sp-tools\repository\org\springframework\spring-test\5.2.1.RELEASE\spring-test-5.2.1.RELEASE.jar;E:\morning\sp-tools\repository\org\xmlunit\xmlunit-core\2.6.3\xmlunit-core-2.6.3.jar;E:\morning\sp-tools\repository\org\springframework\boot\spring-boot-devtools\2.2.1.RELEASE\spring-boot-devtools-2.2.1.RELEASE.jar;E:\morning\sp-tools\repository\org\springframework\boot\spring-boot\2.2.1.RELEASE\spring-boot-2.2.1.RELEASE.jar;E:\morning\sp-tools\repository\org\springframework\boot\spring-boot-autoconfigure\2.2.1.RELEASE\spring-boot-autoconfigure-2.2.1.RELEASE.jar;E:\morning\sp-tools\repository\org\projectlombok\lombok\1.18.10\lombok-1.18.10.jar;E:\morning\sp-tools\repository\com\alibaba\druid\1.0.20\druid-1.0.20.jar;D:\tool\java\java_jdk\jre\..\lib\jconsole.jar;D:\tool\java\java_jdk\jre\..\lib\tools.jar;E:\morning\sp-tools\repository\mysql\mysql-connector-java\5.1.32\mysql-connector-java-5.1.32.jar;E:\morning\sp-tools\repository\org\springframework\boot\spring-boot-starter-jdbc\2.2.1.RELEASE\spring-boot-starter-jdbc-2.2.1.RELEASE.jar;E:\morning\sp-tools\repository\com\zaxxer\HikariCP\3.4.1\HikariCP-3.4.1.jar;E:\morning\sp-tools\repository\org\springframework\spring-jdbc\5.2.1.RELEASE\spring-jdbc-5.2.1.RELEASE.jar;E:\morning\sp-tools\repository\org\springframework\spring-tx\5.2.1.RELEASE\spring-tx-5.2.1.RELEASE.jar;E:\morning\sp-tools\repository\com\baomidou\mybatis-plus-boot-starter\3.2.0\mybatis-plus-boot-starter-3.2.0.jar;E:\morning\sp-tools\repository\com\baomidou\mybatis-plus\3.2.0\mybatis-plus-3.2.0.jar;E:\morning\sp-tools\repository\com\baomidou\mybatis-plus-extension\3.2.0\mybatis-plus-extension-3.2.0.jar;E:\morning\sp-tools\repository\com\baomidou\mybatis-plus-core\3.2.0\mybatis-plus-core-3.2.0.jar;E:\morning\sp-tools\repository\com\baomidou\mybatis-plus-annotation\3.2.0\mybatis-plus-annotation-3.2.0.jar;E:\morning\sp-tools\repository\com\github\jsqlparser\jsqlparser\2.1\jsqlparser-2.1.jar;E:\morning\sp-tools\repository\org\mybatis\mybatis\3.5.2\mybatis-3.5.2.jar;E:\morning\sp-tools\repository\org\mybatis\mybatis-spring\2.0.2\mybatis-spring-2.0.2.jar;E:\morning\sp-tools\repository\javax\servlet\javax.servlet-api\4.0.1\javax.servlet-api-4.0.1.jar;E:\morning\sp-tools\repository\javax\servlet\jstl\1.2\jstl-1.2.jar;E:\morning\sp-tools\repository\org\apache\tomcat\embed\tomcat-embed-jasper\9.0.27\tomcat-embed-jasper-9.0.27.jar;E:\morning\sp-tools\repository\org\apache\tomcat\embed\tomcat-embed-core\9.0.27\tomcat-embed-core-9.0.27.jar;E:\morning\sp-tools\repository\org\apache\tomcat\tomcat-annotations-api\9.0.27\tomcat-annotations-api-9.0.27.jar;E:\morning\sp-tools\repository\org\apache\tomcat\embed\tomcat-embed-el\9.0.27\tomcat-embed-el-9.0.27.jar;E:\morning\sp-tools\repository\org\eclipse\jdt\ecj\3.18.0\ecj-3.18.0.jar;"/>
    <property name="sun.cpu.endian" value="little"/>
    <property name="user.home" value="C:\Users\Administrator"/>
    <property name="user.language" value="zh"/>
    <property name="java.specification.vendor" value="Oracle Corporation"/>
    <property name="java.home" value="D:\tool\java\java_jdk\jre"/>
    <property name="basedir" value="E:\morning\sp\yy\yy-manage"/>
    <property name="style.color" value="always"/>
    <property name="file.separator" value="\"/>
    <property name="line.separator" value="&#10;"/>
    <property name="java.vm.specification.vendor" value="Oracle Corporation"/>
    <property name="java.specification.name" value="Java Platform API Specification"/>
    <property name="java.awt.graphicsenv" value="sun.awt.Win32GraphicsEnvironment"/>
    <property name="surefire.real.class.path" value="C:\Users\Administrator\AppData\Local\Temp\surefire3219715172437133325\surefirebooter5051782435012235296.jar"/>
    <property name="sun.boot.class.path" value="D:\tool\java\java_jdk\jre\lib\resources.jar;D:\tool\java\java_jdk\jre\lib\rt.jar;D:\tool\java\java_jdk\jre\lib\sunrsasign.jar;D:\tool\java\java_jdk\jre\lib\jsse.jar;D:\tool\java\java_jdk\jre\lib\jce.jar;D:\tool\java\java_jdk\jre\lib\charsets.jar;D:\tool\java\java_jdk\jre\lib\jfr.jar;D:\tool\java\java_jdk\jre\classes"/>
    <property name="user.script" value=""/>
    <property name="sun.management.compiler" value="HotSpot 64-Bit Tiered Compilers"/>
    <property name="java.runtime.version" value="1.8.0_161-b12"/>
    <property name="user.name" value="Administrator"/>
    <property name="path.separator" value=";"/>
    <property name="os.version" value="10.0"/>
    <property name="java.endorsed.dirs" value="D:\tool\java\java_jdk\jre\lib\endorsed"/>
    <property name="java.runtime.name" value="Java(TM) SE Runtime Environment"/>
    <property name="file.encoding" value="GBK"/>
    <property name="java.vm.name" value="Java HotSpot(TM) 64-Bit Server VM"/>
    <property name="localRepository" value="E:\morning\sp-tools\repository"/>
    <property name="java.vendor.url.bug" value="http://bugreport.sun.com/bugreport/"/>
    <property name="java.io.tmpdir" value="C:\Users\Administrator\AppData\Local\Temp\"/>
    <property name="java.version" value="1.8.0_161"/>
    <property name="user.dir" value="E:\morning\sp\yy\yy-manage"/>
    <property name="os.arch" value="amd64"/>
    <property name="java.vm.specification.name" value="Java Virtual Machine Specification"/>
    <property name="java.awt.printerjob" value="sun.awt.windows.WPrinterJob"/>
    <property name="sun.os.patch.level" value=""/>
    <property name="java.library.path" value="D:\tool\java\java_jdk\jre\bin;C:\windows\Sun\Java\bin;C:\windows\system32;C:\windows;D:/tool/java/java_jre/bin/server;D:/tool/java/java_jre/bin;D:/tool/java/java_jre/lib/amd64;C:\ProgramData\Oracle\Java\javapath;G:\mysql-5.7.27-winx64\mysql-5.7.27-winx64\bin;D:\tool\java\java_jdk\bin;D:\tool\java\java_jdk\jre\bin;D:\tool\Git\cmd;C:\Program Files\nodejs\;H:\88java_tool\apache-maven-3.5.4\bin;E:\morning\STS-tool\custom-svn\bin;C:\windows\system32;C:\windows;C:\windows\System32\Wbem;C:\Program Files (x86)\Common Files\Thunder Network\KanKan\Codecs;C:\Users\Administrator\AppData\Roaming\npm;D:\tool\Microsoft VS Code\bin;E:\morning\STS-tool\sts-4.4.0.RELEASE;;."/>
    <property name="java.vm.info" value="mixed mode"/>
    <property name="java.vendor" value="Oracle Corporation"/>
    <property name="java.vm.version" value="25.161-b12"/>
    <property name="java.ext.dirs" value="D:\tool\java\java_jdk\jre\lib\ext;C:\windows\Sun\Java\lib\ext"/>
    <property name="sun.io.unicode.encoding" value="UnicodeLittle"/>
    <property name="java.class.version" value="52.0"/>
  </properties>
  <testcase name="findAllItems" classname="com.yy.mapper.ItemMapperTest" time="5.768"/>
</testsuite>